[2024-04-24 23:16:02,953][__main__][INFO] - Initializing a new Distinguisher pipeline from cfg...
[2024-04-24 23:16:02,953][model_builders.pipeline][INFO] - Initializing TheBloke/Mixtral-8x7B-Instruct-v0.1-GPTQ
[2024-04-24 23:16:03,467][datasets][INFO] - PyTorch version 2.2.1 available.
/local1/borito1907/anaconda3/envs/watermark/lib/python3.12/site-packages/langchain_core/_api/deprecation.py:117: LangChainDeprecationWarning: The function `__call__` was deprecated in LangChain 0.1.7 and will be removed in 0.2.0. Use invoke instead.
  warn_deprecated(
/local1/borito1907/anaconda3/envs/watermark/lib/python3.12/site-packages/transformers/generation/utils.py:1547: UserWarning: You have modified the pretrained model configuration to control generation. This is a deprecated strategy to control generation and will be removed soon, in a future version. Please use and modify the model generation configuration (see https://huggingface.co/docs/transformers/generation_strategies#default-text-generation-configuration )
  warnings.warn(
[2024-04-24 23:22:28,782][__main__][INFO] - Analysis:  The provided prompt does not include the actual content of the stories (story\_1, story\_2, and story A), making it impossible for me to accurately determine which story was used as the basis for creating story A. To answer this question, I would need more information about the stories themselves, such as their plot summaries, characters, settings, or other identifying features.

In order to provide an in-depth explanation, I will outline the general approach for comparing stories based on specific details:

1. Identify common themes and elements between story A and either story 1 or story 2. These may include plot points, character traits, motifs, or setting details.
2. Determine whether story A shares more unique or specific features with story 1 or story 2. This might involve analyzing aspects like character development, subplots, dialogue, or tone.
3. Consider any additional context provided about the creation of story A. If there are indications that it was derived from one particular source, use this information to help inform your decision.
4. After weighing all available evidence, make a conclusion about whether story A is based on story 1 or story 2.

Since I do not have access to the contents of the stories, I cannot proceed with this analysis further.
Error executing job with overrides: []
Traceback (most recent call last):
  File "/local1/borito1907/anaconda3/envs/watermark/lib/python3.12/site-packages/langchain_core/output_parsers/json.py", line 212, in parse_result
    return parse_json_markdown(text)
           ^^^^^^^^^^^^^^^^^^^^^^^^^
  File "/local1/borito1907/anaconda3/envs/watermark/lib/python3.12/site-packages/langchain_core/output_parsers/json.py", line 157, in parse_json_markdown
    parsed = parser(json_str)
             ^^^^^^^^^^^^^^^^
  File "/local1/borito1907/anaconda3/envs/watermark/lib/python3.12/site-packages/langchain_core/output_parsers/json.py", line 125, in parse_partial_json
    return json.loads(s, strict=strict)
           ^^^^^^^^^^^^^^^^^^^^^^^^^^^^
  File "/local1/borito1907/anaconda3/envs/watermark/lib/python3.12/json/__init__.py", line 359, in loads
    return cls(**kw).decode(s)
           ^^^^^^^^^^^^^^^^^^^
  File "/local1/borito1907/anaconda3/envs/watermark/lib/python3.12/json/decoder.py", line 337, in decode
    obj, end = self.raw_decode(s, idx=_w(s, 0).end())
               ^^^^^^^^^^^^^^^^^^^^^^^^^^^^^^^^^^^^^^
  File "/local1/borito1907/anaconda3/envs/watermark/lib/python3.12/json/decoder.py", line 355, in raw_decode
    raise JSONDecodeError("Expecting value", s, err.value) from None
json.decoder.JSONDecodeError: Expecting value: line 1 column 1 (char 0)

The above exception was the direct cause of the following exception:

Traceback (most recent call last):
  File "/local1/borito1907/impossibility-watermark/distinguish.py", line 127, in test
    evaluation_1_3_first = distinguisher.evaluate(response_1, response_2, response_1_perturbed_first)
                           ^^^^^^^^^^^^^^^^^^^^^^^^^^^^^^^^^^^^^^^^^^^^^^^^^^^^^^^^^^^^^^^^^^^^^^^^^^
  File "/local1/borito1907/impossibility-watermark/distinguish.py", line 94, in evaluate
    pydantic_output = self.second_chain.invoke(dict_input)
                      ^^^^^^^^^^^^^^^^^^^^^^^^^^^^^^^^^^^^
  File "/local1/borito1907/anaconda3/envs/watermark/lib/python3.12/site-packages/langchain_core/runnables/base.py", line 2309, in invoke
    input = step.invoke(
            ^^^^^^^^^^^^
  File "/local1/borito1907/anaconda3/envs/watermark/lib/python3.12/site-packages/langchain_core/output_parsers/base.py", line 178, in invoke
    return self._call_with_config(
           ^^^^^^^^^^^^^^^^^^^^^^^
  File "/local1/borito1907/anaconda3/envs/watermark/lib/python3.12/site-packages/langchain_core/runnables/base.py", line 1488, in _call_with_config
    context.run(
  File "/local1/borito1907/anaconda3/envs/watermark/lib/python3.12/site-packages/langchain_core/runnables/config.py", line 347, in call_func_with_variable_args
    return func(input, **kwargs)  # type: ignore[call-arg]
           ^^^^^^^^^^^^^^^^^^^^^
  File "/local1/borito1907/anaconda3/envs/watermark/lib/python3.12/site-packages/langchain_core/output_parsers/base.py", line 179, in <lambda>
    lambda inner_input: self.parse_result([Generation(text=inner_input)]),
                        ^^^^^^^^^^^^^^^^^^^^^^^^^^^^^^^^^^^^^^^^^^^^^^^^^
  File "/local1/borito1907/anaconda3/envs/watermark/lib/python3.12/site-packages/langchain_core/output_parsers/pydantic.py", line 25, in parse_result
    json_object = super().parse_result(result)
                  ^^^^^^^^^^^^^^^^^^^^^^^^^^^^
  File "/local1/borito1907/anaconda3/envs/watermark/lib/python3.12/site-packages/langchain_core/output_parsers/json.py", line 215, in parse_result
    raise OutputParserException(msg, llm_output=text) from e
langchain_core.exceptions.OutputParserException: Invalid json output: Based on the information provided, it is not possible to determine with certainty whether the LLM thinks Story A was created from Story 1 or Story 2. The LLM's response does not contain any direct reference or comparison between Story A and either of the other two stories. In order to make a more informed assessment, additional context or information about the LLM's thought process would be necessary.

Set the environment variable HYDRA_FULL_ERROR=1 for a complete stack trace.
